<?xml version="1.0" encoding="UTF-8"?>
<coverage generated="1778134746857" clover="3.2.0">
  <project timestamp="1778134746857" name="All files">
    <metrics statements="34" coveredstatements="31" conditionals="36" coveredconditionals="27" methods="12" coveredmethods="12" elements="82" coveredelements="70" complexity="0" loc="34" ncloc="34" packages="1" files="1" classes="1"/>
    <file name="settings.js" path="/Users/ren/IdeaProjects/starter-series/browser-extension-starter/src/settings.js">
      <metrics statements="34" coveredstatements="31" conditionals="36" coveredconditionals="27" methods="12" coveredmethods="12"/>
      <line num="12" count="1" type="stmt"/>
      <line num="13" count="1" type="cond" truecount="3" falsecount="1"/>
      <line num="14" count="1" type="stmt"/>
      <line num="16" count="0" type="stmt"/>
      <line num="19" count="1" type="stmt"/>
      <line num="25" count="1" type="stmt"/>
      <line num="28" count="1" type="stmt"/>
      <line num="31" count="9" type="cond" truecount="2" falsecount="0"/>
      <line num="35" count="10" type="cond" truecount="2" falsecount="0"/>
      <line num="36" count="7" type="stmt"/>
      <line num="38" count="15" type="stmt"/>
      <line num="39" count="15" type="cond" truecount="2" falsecount="0"/>
      <line num="43" count="4" type="cond" truecount="1" falsecount="1"/>
      <line num="44" count="4" type="stmt"/>
      <line num="45" count="4" type="cond" truecount="2" falsecount="0"/>
      <line num="48" count="4" type="cond" truecount="2" falsecount="0"/>
      <line num="51" count="4" type="stmt"/>
      <line num="58" count="5" type="cond" truecount="1" falsecount="4"/>
      <line num="62" count="5" type="cond" truecount="1" falsecount="1"/>
      <line num="63" count="0" type="stmt"/>
      <line num="66" count="5" type="stmt"/>
      <line num="67" count="5" type="stmt"/>
      <line num="68" count="5" type="stmt"/>
      <line num="69" count="5" type="cond" truecount="3" falsecount="0"/>
      <line num="72" count="5" type="cond" truecount="2" falsecount="0"/>
      <line num="73" count="1" type="cond" truecount="1" falsecount="1"/>
      <line num="74" count="1" type="stmt"/>
      <line num="76" count="4" type="stmt"/>
      <line num="79" count="0" type="stmt"/>
      <line num="85" count="6" type="cond" truecount="2" falsecount="0"/>
      <line num="86" count="5" type="stmt"/>
      <line num="87" count="5" type="stmt"/>
      <line num="88" count="6" type="cond" truecount="2" falsecount="0"/>
      <line num="91" count="1" type="stmt"/>
    </file>
  </project>
</coverage>
