{"/Users/ren/IdeaProjects/starter-series/browser-extension-starter/src/settings.js": {"path":"/Users/ren/IdeaProjects/starter-series/browser-extension-starter/src/settings.js","statementMap":{"0":{"start":{"line":12,"column":0},"end":{"line":101,"column":4}},"1":{"start":{"line":13,"column":2},"end":{"line":17,"column":3}},"2":{"start":{"line":14,"column":4},"end":{"line":14,"column":31}},"3":{"start":{"line":16,"column":4},"end":{"line":16,"column":33}},"4":{"start":{"line":19,"column":19},"end":{"line":23,"column":4}},"5":{"start":{"line":25,"column":23},"end":{"line":25,"column":54}},"6":{"start":{"line":28,"column":20},"end":{"line":28,"column":121}},"7":{"start":{"line":31,"column":4},"end":{"line":31,"column":65}},"8":{"start":{"line":35,"column":4},"end":{"line":35,"column":43}},"9":{"start":{"line":35,"column":33},"end":{"line":35,"column":43}},"10":{"start":{"line":36,"column":4},"end":{"line":39,"column":65}},"11":{"start":{"line":38,"column":21},"end":{"line":38,"column":46}},"12":{"start":{"line":39,"column":24},"end":{"line":39,"column":63}},"13":{"start":{"line":43,"column":19},"end":{"line":43,"column":53}},"14":{"start":{"line":44,"column":4},"end":{"line":44,"column":64}},"15":{"start":{"line":45,"column":4},"end":{"line":47,"column":32}},"16":{"start":{"line":48,"column":4},"end":{"line":50,"column":32}},"17":{"start":{"line":51,"column":4},"end":{"line":51,"column":18}},"18":{"start":{"line":58,"column":17},"end":{"line":60,"column":13}},"19":{"start":{"line":62,"column":4},"end":{"line":64,"column":5}},"20":{"start":{"line":63,"column":6},"end":{"line":63,"column":46}},"21":{"start":{"line":66,"column":4},"end":{"line":81,"column":7}},"22":{"start":{"line":67,"column":6},"end":{"line":80,"column":7}},"23":{"start":{"line":68,"column":8},"end":{"line":77,"column":11}},"24":{"start":{"line":69,"column":28},"end":{"line":71,"column":39}},"25":{"start":{"line":72,"column":10},"end":{"line":75,"column":11}},"26":{"start":{"line":73,"column":12},"end":{"line":73,"column":73}},"27":{"start":{"line":74,"column":12},"end":{"line":74,"column":19}},"28":{"start":{"line":76,"column":10},"end":{"line":76,"column":33}},"29":{"start":{"line":79,"column":8},"end":{"line":79,"column":20}},"30":{"start":{"line":85,"column":4},"end":{"line":85,"column":28}},"31":{"start":{"line":85,"column":15},"end":{"line":85,"column":28}},"32":{"start":{"line":86,"column":14},"end":{"line":86,"column":32}},"33":{"start":{"line":87,"column":20},"end":{"line":87,"column":58}},"34":{"start":{"line":88,"column":4},"end":{"line":88,"column":63}},"35":{"start":{"line":88,"column":31},"end":{"line":88,"column":61}},"36":{"start":{"line":91,"column":2},"end":{"line":100,"column":4}}},"fnMap":{"0":{"name":"(anonymous_0)","decl":{"start":{"line":12,"column":1},"end":{"line":12,"column":2}},"loc":{"start":{"line":12,"column":26},"end":{"line":18,"column":1}},"line":12},"1":{"name":"(anonymous_1)","decl":{"start":{"line":18,"column":45},"end":{"line":18,"column":46}},"loc":{"start":{"line":18,"column":57},"end":{"line":101,"column":1}},"line":18},"2":{"name":"isValidColor","decl":{"start":{"line":30,"column":11},"end":{"line":30,"column":23}},"loc":{"start":{"line":30,"column":31},"end":{"line":32,"column":3}},"line":30},"3":{"name":"parseBlockedDomains","decl":{"start":{"line":34,"column":11},"end":{"line":34,"column":30}},"loc":{"start":{"line":34,"column":36},"end":{"line":40,"column":3}},"line":34},"4":{"name":"(anonymous_4)","decl":{"start":{"line":38,"column":11},"end":{"line":38,"column":12}},"loc":{"start":{"line":38,"column":21},"end":{"line":38,"column":46}},"line":38},"5":{"name":"(anonymous_5)","decl":{"start":{"line":39,"column":14},"end":{"line":39,"column":15}},"loc":{"start":{"line":39,"column":24},"end":{"line":39,"column":63}},"line":39},"6":{"name":"coerce","decl":{"start":{"line":42,"column":11},"end":{"line":42,"column":17}},"loc":{"start":{"line":42,"column":26},"end":{"line":52,"column":3}},"line":42},"7":{"name":"getSettings","decl":{"start":{"line":54,"column":11},"end":{"line":54,"column":22}},"loc":{"start":{"line":54,"column":32},"end":{"line":82,"column":3}},"line":54},"8":{"name":"(anonymous_8)","decl":{"start":{"line":66,"column":23},"end":{"line":66,"column":24}},"loc":{"start":{"line":66,"column":44},"end":{"line":81,"column":5}},"line":66},"9":{"name":"(anonymous_9)","decl":{"start":{"line":68,"column":40},"end":{"line":68,"column":41}},"loc":{"start":{"line":68,"column":51},"end":{"line":77,"column":9}},"line":68},"10":{"name":"isHostBlocked","decl":{"start":{"line":84,"column":11},"end":{"line":84,"column":24}},"loc":{"start":{"line":84,"column":50},"end":{"line":89,"column":3}},"line":84},"11":{"name":"(anonymous_11)","decl":{"start":{"line":88,"column":24},"end":{"line":88,"column":25}},"loc":{"start":{"line":88,"column":31},"end":{"line":88,"column":61}},"line":88}},"branchMap":{"0":{"loc":{"start":{"line":13,"column":2},"end":{"line":17,"column":3}},"type":"if","locations":[{"start":{"line":13,"column":2},"end":{"line":17,"column":3}},{"start":{"line":15,"column":9},"end":{"line":17,"column":3}}],"line":13},"1":{"loc":{"start":{"line":13,"column":6},"end":{"line":13,"column":50}},"type":"binary-expr","locations":[{"start":{"line":13,"column":6},"end":{"line":13,"column":32}},{"start":{"line":13,"column":36},"end":{"line":13,"column":50}}],"line":13},"2":{"loc":{"start":{"line":18,"column":2},"end":{"line":18,"column":43}},"type":"cond-expr","locations":[{"start":{"line":18,"column":32},"end":{"line":18,"column":36}},{"start":{"line":18,"column":39},"end":{"line":18,"column":43}}],"line":18},"3":{"loc":{"start":{"line":31,"column":11},"end":{"line":31,"column":64}},"type":"binary-expr","locations":[{"start":{"line":31,"column":11},"end":{"line":31,"column":36}},{"start":{"line":31,"column":40},"end":{"line":31,"column":64}}],"line":31},"4":{"loc":{"start":{"line":35,"column":4},"end":{"line":35,"column":43}},"type":"if","locations":[{"start":{"line":35,"column":4},"end":{"line":35,"column":43}},{"start":{},"end":{}}],"line":35},"5":{"loc":{"start":{"line":39,"column":24},"end":{"line":39,"column":63}},"type":"binary-expr","locations":[{"start":{"line":39,"column":24},"end":{"line":39,"column":39}},{"start":{"line":39,"column":43},"end":{"line":39,"column":63}}],"line":39},"6":{"loc":{"start":{"line":43,"column":38},"end":{"line":43,"column":50}},"type":"binary-expr","locations":[{"start":{"line":43,"column":38},"end":{"line":43,"column":44}},{"start":{"line":43,"column":48},"end":{"line":43,"column":50}}],"line":43},"7":{"loc":{"start":{"line":45,"column":28},"end":{"line":47,"column":31}},"type":"cond-expr","locations":[{"start":{"line":46,"column":8},"end":{"line":46,"column":29}},{"start":{"line":47,"column":8},"end":{"line":47,"column":31}}],"line":45},"8":{"loc":{"start":{"line":48,"column":28},"end":{"line":50,"column":31}},"type":"cond-expr","locations":[{"start":{"line":49,"column":8},"end":{"line":49,"column":29}},{"start":{"line":50,"column":8},"end":{"line":50,"column":31}}],"line":48},"9":{"loc":{"start":{"line":58,"column":17},"end":{"line":60,"column":13}},"type":"binary-expr","locations":[{"start":{"line":58,"column":17},"end":{"line":58,"column":24}},{"start":{"line":59,"column":10},"end":{"line":59,"column":39}},{"start":{"line":59,"column":43},"end":{"line":59,"column":57}},{"start":{"line":59,"column":61},"end":{"line":59,"column":80}},{"start":{"line":60,"column":9},"end":{"line":60,"column":13}}],"line":58},"10":{"loc":{"start":{"line":62,"column":4},"end":{"line":64,"column":5}},"type":"if","locations":[{"start":{"line":62,"column":4},"end":{"line":64,"column":5}},{"start":{},"end":{}}],"line":62},"11":{"loc":{"start":{"line":69,"column":28},"end":{"line":71,"column":39}},"type":"binary-expr","locations":[{"start":{"line":69,"column":28},"end":{"line":69,"column":57}},{"start":{"line":70,"column":15},"end":{"line":70,"column":29}},{"start":{"line":71,"column":15},"end":{"line":71,"column":39}}],"line":69},"12":{"loc":{"start":{"line":72,"column":10},"end":{"line":75,"column":11}},"type":"if","locations":[{"start":{"line":72,"column":10},"end":{"line":75,"column":11}},{"start":{},"end":{}}],"line":72},"13":{"loc":{"start":{"line":73,"column":29},"end":{"line":73,"column":70}},"type":"binary-expr","locations":[{"start":{"line":73,"column":29},"end":{"line":73,"column":46}},{"start":{"line":73,"column":50},"end":{"line":73,"column":70}}],"line":73},"14":{"loc":{"start":{"line":85,"column":4},"end":{"line":85,"column":28}},"type":"if","locations":[{"start":{"line":85,"column":4},"end":{"line":85,"column":28}},{"start":{},"end":{}}],"line":85},"15":{"loc":{"start":{"line":88,"column":31},"end":{"line":88,"column":61}},"type":"binary-expr","locations":[{"start":{"line":88,"column":31},"end":{"line":88,"column":38}},{"start":{"line":88,"column":42},"end":{"line":88,"column":61}}],"line":88}},"s":{"0":1,"1":1,"2":1,"3":0,"4":1,"5":1,"6":1,"7":9,"8":10,"9":3,"10":7,"11":15,"12":15,"13":4,"14":4,"15":4,"16":4,"17":4,"18":5,"19":5,"20":0,"21":5,"22":5,"23":5,"24":5,"25":5,"26":1,"27":1,"28":4,"29":0,"30":6,"31":1,"32":5,"33":5,"34":5,"35":6,"36":1},"f":{"0":1,"1":1,"2":9,"3":10,"4":15,"5":15,"6":4,"7":5,"8":5,"9":5,"10":6,"11":6},"b":{"0":[1,0],"1":[1,1],"2":[0,1],"3":[9,8],"4":[3,7],"5":[15,13],"6":[4,0],"7":[3,1],"8":[3,1],"9":[5,0,0,0,0],"10":[0,5],"11":[5,5,5],"12":[1,4],"13":[1,0],"14":[1,5],"15":[6,5]},"_coverageSchema":"1a1c01bbd47fc00a2c39e90264f33305004495a9","hash":"1828f77b413e858cb9bcaadcd2a70cda33325fd5"}
}
