TN:
SF:src/settings.js
FN:12,(anonymous_0)
FN:18,(anonymous_1)
FN:30,isValidColor
FN:34,parseBlockedDomains
FN:38,(anonymous_4)
FN:39,(anonymous_5)
FN:42,coerce
FN:54,getSettings
FN:66,(anonymous_8)
FN:68,(anonymous_9)
FN:84,isHostBlocked
FN:88,(anonymous_11)
FNF:12
FNH:12
FNDA:1,(anonymous_0)
FNDA:1,(anonymous_1)
FNDA:9,isValidColor
FNDA:10,parseBlockedDomains
FNDA:15,(anonymous_4)
FNDA:15,(anonymous_5)
FNDA:4,coerce
FNDA:5,getSettings
FNDA:5,(anonymous_8)
FNDA:5,(anonymous_9)
FNDA:6,isHostBlocked
FNDA:6,(anonymous_11)
DA:12,1
DA:13,1
DA:14,1
DA:16,0
DA:19,1
DA:25,1
DA:28,1
DA:31,9
DA:35,10
DA:36,7
DA:38,15
DA:39,15
DA:43,4
DA:44,4
DA:45,4
DA:48,4
DA:51,4
DA:58,5
DA:62,5
DA:63,0
DA:66,5
DA:67,5
DA:68,5
DA:69,5
DA:72,5
DA:73,1
DA:74,1
DA:76,4
DA:79,0
DA:85,6
DA:86,5
DA:87,5
DA:88,6
DA:91,1
LF:34
LH:31
BRDA:13,0,0,1
BRDA:13,0,1,0
BRDA:13,1,0,1
BRDA:13,1,1,1
BRDA:18,2,0,0
BRDA:18,2,1,1
BRDA:31,3,0,9
BRDA:31,3,1,8
BRDA:35,4,0,3
BRDA:35,4,1,7
BRDA:39,5,0,15
BRDA:39,5,1,13
BRDA:43,6,0,4
BRDA:43,6,1,0
BRDA:45,7,0,3
BRDA:45,7,1,1
BRDA:48,8,0,3
BRDA:48,8,1,1
BRDA:58,9,0,5
BRDA:58,9,1,0
BRDA:58,9,2,0
BRDA:58,9,3,0
BRDA:58,9,4,0
BRDA:62,10,0,0
BRDA:62,10,1,5
BRDA:69,11,0,5
BRDA:69,11,1,5
BRDA:69,11,2,5
BRDA:72,12,0,1
BRDA:72,12,1,4
BRDA:73,13,0,1
BRDA:73,13,1,0
BRDA:85,14,0,1
BRDA:85,14,1,5
BRDA:88,15,0,6
BRDA:88,15,1,5
BRF:36
BRH:27
end_of_record
